2020-12-29 16:54:54,082 [Worker-5: Loading available Gradle versions] INFO  o.e.b.c.i.u.g.PublishedGradleVersions - Gradle version information cache is out-of-date. Trying to update.
2020-12-29 16:54:59,243 [Worker-5: Loading available Gradle versions] INFO  o.e.b.c.i.u.g.PublishedGradleVersions - Updating Gradle version information cache failed. Using outdated cache.
2020-12-29 17:06:47,774 [Worker-0: Loading available Gradle versions] INFO  o.e.b.c.i.u.g.PublishedGradleVersions - Gradle version information cache is out-of-date. Trying to update.
2020-12-29 17:11:47,312 [Worker-10: Computing Git status for repository WALA] WARN  o.e.j.i.s.file.ObjectDirectory - Pack file /Users/zhangjh/workspace/homework/BUAA-Service-Computing-Homework/homework4/WALA/.git/objects/pack/pack-51c39a5706d9d3bbf9b39e12488e51ab3875a035.pack was deleted, removing it from pack list
java.io.FileNotFoundException: /Users/zhangjh/workspace/homework/BUAA-Service-Computing-Homework/homework4/WALA/.git/objects/pack/pack-51c39a5706d9d3bbf9b39e12488e51ab3875a035.pack (No such file or directory)
	at java.base/java.io.RandomAccessFile.open0(Native Method)
	at java.base/java.io.RandomAccessFile.open(RandomAccessFile.java:345)
	at java.base/java.io.RandomAccessFile.<init>(RandomAccessFile.java:259)
	at java.base/java.io.RandomAccessFile.<init>(RandomAccessFile.java:214)
	at org.eclipse.jgit.internal.storage.file.PackFile.doOpen(PackFile.java:657)
	at org.eclipse.jgit.internal.storage.file.PackFile.beginWindowCache(PackFile.java:638)
	at org.eclipse.jgit.internal.storage.file.WindowCache.load(WindowCache.java:511)
	at org.eclipse.jgit.internal.storage.file.WindowCache.getOrLoad(WindowCache.java:603)
	at org.eclipse.jgit.internal.storage.file.WindowCache.get(WindowCache.java:386)
	at org.eclipse.jgit.internal.storage.file.WindowCursor.pin(WindowCursor.java:327)
	at org.eclipse.jgit.internal.storage.file.WindowCursor.copy(WindowCursor.java:226)
	at org.eclipse.jgit.internal.storage.file.PackFile.readFully(PackFile.java:614)
	at org.eclipse.jgit.internal.storage.file.PackFile.load(PackFile.java:796)
	at org.eclipse.jgit.internal.storage.file.PackFile.get(PackFile.java:284)
	at org.eclipse.jgit.internal.storage.file.ObjectDirectory.openPackedObject(ObjectDirectory.java:455)
	at org.eclipse.jgit.internal.storage.file.ObjectDirectory.openPackedFromSelfOrAlternate(ObjectDirectory.java:413)
	at org.eclipse.jgit.internal.storage.file.ObjectDirectory.openObject(ObjectDirectory.java:404)
	at org.eclipse.jgit.internal.storage.file.WindowCursor.open(WindowCursor.java:132)
	at org.eclipse.jgit.lib.ObjectReader.open(ObjectReader.java:203)
	at org.eclipse.jgit.revwalk.RevWalk.parseAny(RevWalk.java:917)
	at org.eclipse.jgit.revwalk.RevWalk.parseTree(RevWalk.java:855)
	at org.eclipse.jgit.lib.IndexDiff.<init>(IndexDiff.java:290)
	at org.eclipse.jgit.lib.IndexDiff.<init>(IndexDiff.java:271)
	at org.eclipse.egit.core.internal.indexdiff.IndexDiffCacheEntry.lambda$6(IndexDiffCacheEntry.java:685)
	at org.eclipse.egit.core.UnitOfWork.run(UnitOfWork.java:115)
	at org.eclipse.egit.core.internal.indexdiff.IndexDiffCacheEntry.calcIndexDiffDataFull(IndexDiffCacheEntry.java:680)
	at org.eclipse.egit.core.internal.indexdiff.IndexDiffCacheEntry.access$8(IndexDiffCacheEntry.java:674)
	at org.eclipse.egit.core.internal.indexdiff.IndexDiffCacheEntry$4.run(IndexDiffCacheEntry.java:420)
	at org.eclipse.core.internal.jobs.Worker.run(Worker.java:63)
